x:\github\leveldb-master\leveldb\build\leveldb.dir\release\iterator.obj
x:\github\leveldb-master\leveldb\build\leveldb.dir\release\format.obj
x:\github\leveldb-master\leveldb\build\leveldb.dir\release\filter_block.obj
x:\github\leveldb-master\leveldb\build\leveldb.dir\release\block.obj
x:\github\leveldb-master\leveldb\build\leveldb.dir\release\block_builder.obj
x:\github\leveldb-master\leveldb\build\leveldb.dir\release\write_batch.obj
x:\github\leveldb-master\leveldb\build\leveldb.dir\release\version_set.obj
x:\github\leveldb-master\leveldb\build\leveldb.dir\release\version_edit.obj
x:\github\leveldb-master\leveldb\build\leveldb.dir\release\table_cache.obj
x:\github\leveldb-master\leveldb\build\leveldb.dir\release\repair.obj
x:\github\leveldb-master\leveldb\build\leveldb.dir\release\memtable.obj
x:\github\leveldb-master\leveldb\build\leveldb.dir\release\log_writer.obj
x:\github\leveldb-master\leveldb\build\leveldb.dir\release\log_reader.obj
x:\github\leveldb-master\leveldb\build\leveldb.dir\release\filename.obj
x:\github\leveldb-master\leveldb\build\leveldb.dir\release\dumpfile.obj
x:\github\leveldb-master\leveldb\build\leveldb.dir\release\dbformat.obj
x:\github\leveldb-master\leveldb\build\leveldb.dir\release\db_iter.obj
x:\github\leveldb-master\leveldb\build\leveldb.dir\release\db_impl.obj
x:\github\leveldb-master\leveldb\build\leveldb.dir\release\c.obj
x:\github\leveldb-master\leveldb\build\leveldb.dir\release\builder.obj
x:\github\leveldb-master\leveldb\build\leveldb.dir\release\memenv.obj
x:\github\leveldb-master\leveldb\build\leveldb.dir\release\env_windows.obj
x:\github\leveldb-master\leveldb\build\leveldb.dir\release\status.obj
x:\github\leveldb-master\leveldb\build\leveldb.dir\release\options.obj
x:\github\leveldb-master\leveldb\build\leveldb.dir\release\logging.obj
x:\github\leveldb-master\leveldb\build\leveldb.dir\release\hash.obj
x:\github\leveldb-master\leveldb\build\leveldb.dir\release\filter_policy.obj
x:\github\leveldb-master\leveldb\build\leveldb.dir\release\env.obj
x:\github\leveldb-master\leveldb\build\leveldb.dir\release\crc32c.obj
x:\github\leveldb-master\leveldb\build\leveldb.dir\release\comparator.obj
x:\github\leveldb-master\leveldb\build\leveldb.dir\release\coding.obj
x:\github\leveldb-master\leveldb\build\leveldb.dir\release\cache.obj
x:\github\leveldb-master\leveldb\build\leveldb.dir\release\bloom.obj
x:\github\leveldb-master\leveldb\build\leveldb.dir\release\arena.obj
x:\github\leveldb-master\leveldb\build\leveldb.dir\release\two_level_iterator.obj
x:\github\leveldb-master\leveldb\build\leveldb.dir\release\table.obj
x:\github\leveldb-master\leveldb\build\leveldb.dir\release\table_builder.obj
x:\github\leveldb-master\leveldb\build\leveldb.dir\release\merger.obj
x:\github\leveldb-master\leveldb\build\cmakefiles\generate.stamp
x:\github\leveldb-master\leveldb\build\release\leveldb.lib
x:\github\leveldb-master\leveldb\build\leveldb.dir\release\leveldb.tlog\cl.command.1.tlog
x:\github\leveldb-master\leveldb\build\leveldb.dir\release\leveldb.tlog\cl.read.1.tlog
x:\github\leveldb-master\leveldb\build\leveldb.dir\release\leveldb.tlog\cl.write.1.tlog
x:\github\leveldb-master\leveldb\build\leveldb.dir\release\leveldb.tlog\custombuild.command.1.tlog
x:\github\leveldb-master\leveldb\build\leveldb.dir\release\leveldb.tlog\custombuild.read.1.tlog
x:\github\leveldb-master\leveldb\build\leveldb.dir\release\leveldb.tlog\custombuild.write.1.tlog
x:\github\leveldb-master\leveldb\build\leveldb.dir\release\leveldb.tlog\lib-link.read.1.tlog
x:\github\leveldb-master\leveldb\build\leveldb.dir\release\leveldb.tlog\lib-link.write.1.tlog
x:\github\leveldb-master\leveldb\build\leveldb.dir\release\leveldb.tlog\lib.command.1.tlog
